<?xml version="1.0" encoding="UTF-8"?>
<robot generator="Robot 6.1 (Python 3.10.4 on win32)" generated="20230711 16:54:51.306" rpa="false" schemaversion="4">
<suite id="s1" name="Invalid Login" source="C:\Gibran\DxtSonar\analytics-dxt360-e2e-test\tests\login\invalid_login.robot">
<kw name="Open Browser To Login Page" library="general" type="SETUP">
<kw name="Open Browser" library="SeleniumLibrary">
<arg>${WELCOME URL}</arg>
<arg>${BROWSER}</arg>
<doc>Opens a new browser instance to the optional ``url``.</doc>
<msg timestamp="20230711 16:54:51.496" level="INFO">Opening browser 'Chrome' to base url 'https://login-dxt360.sonarplatform.com/'.</msg>
<msg timestamp="20230711 16:54:51.496" level="INFO">Applicable driver not found; attempting to install with Selenium Manager (Beta)</msg>
<status status="PASS" starttime="20230711 16:54:51.496" endtime="20230711 16:54:53.007"/>
</kw>
<kw name="Maximize Browser Window" library="SeleniumLibrary">
<doc>Maximizes current browser window.</doc>
<status status="PASS" starttime="20230711 16:54:53.007" endtime="20230711 16:54:53.123"/>
</kw>
<kw name="Login Page Should Be Open" library="general">
<kw name="Title Should Be" library="SeleniumLibrary">
<arg>Login | DXT360 App</arg>
<doc>Verifies that the current page title equals ``title``.</doc>
<msg timestamp="20230711 16:54:53.127" level="INFO">Page title is 'Login | DXT360 App'.</msg>
<status status="PASS" starttime="20230711 16:54:53.123" endtime="20230711 16:54:53.127"/>
</kw>
<status status="PASS" starttime="20230711 16:54:53.123" endtime="20230711 16:54:53.127"/>
</kw>
<status status="PASS" starttime="20230711 16:54:51.496" endtime="20230711 16:54:53.127"/>
</kw>
<test id="s1-t1" name="Invalid Username" line="13">
<kw name="Go To Login Page" library="general" type="SETUP">
<kw name="Go To" library="SeleniumLibrary">
<arg>${LOGIN URL}</arg>
<doc>Navigates the current browser window to the provided ``url``.</doc>
<msg timestamp="20230711 16:54:53.127" level="INFO">Opening url 'https://login-dxt360.sonarplatform.com/login'</msg>
<status status="PASS" starttime="20230711 16:54:53.127" endtime="20230711 16:54:53.238"/>
</kw>
<kw name="Login Page Should Be Open" library="general">
<kw name="Title Should Be" library="SeleniumLibrary">
<arg>Login | DXT360 App</arg>
<doc>Verifies that the current page title equals ``title``.</doc>
<msg timestamp="20230711 16:54:53.244" level="INFO">Page title is 'Login | DXT360 App'.</msg>
<status status="PASS" starttime="20230711 16:54:53.238" endtime="20230711 16:54:53.244"/>
</kw>
<status status="PASS" starttime="20230711 16:54:53.238" endtime="20230711 16:54:53.244"/>
</kw>
<status status="PASS" starttime="20230711 16:54:53.127" endtime="20230711 16:54:53.244"/>
</kw>
<kw name="Login With Invalid Credentials Should Fail">
<arg>${INVALID USER}</arg>
<arg>${VALID PASSWORD}</arg>
<kw name="Input Username" library="general">
<arg>${username}</arg>
<kw name="Input Text" library="SeleniumLibrary">
<arg>css:input[placeholder="Please enter your email Address"]</arg>
<arg>${username}</arg>
<doc>Types the given ``text`` into the text field identified by ``locator``.</doc>
<msg timestamp="20230711 16:54:53.245" level="INFO">Typing text 'fail@dxt360.app' into text field 'css:input[placeholder="Please enter your email Address"]'.</msg>
<status status="PASS" starttime="20230711 16:54:53.245" endtime="20230711 16:54:53.375"/>
</kw>
<status status="PASS" starttime="20230711 16:54:53.245" endtime="20230711 16:54:53.375"/>
</kw>
<kw name="Input Password" library="general">
<arg>${password}</arg>
<kw name="Input Text" library="SeleniumLibrary">
<arg>css:input[placeholder="Please enter your password"]</arg>
<arg>${password}</arg>
<doc>Types the given ``text`` into the text field identified by ``locator``.</doc>
<msg timestamp="20230711 16:54:53.375" level="INFO">Typing text 'p3iN%u49' into text field 'css:input[placeholder="Please enter your password"]'.</msg>
<status status="PASS" starttime="20230711 16:54:53.375" endtime="20230711 16:54:53.436"/>
</kw>
<status status="PASS" starttime="20230711 16:54:53.375" endtime="20230711 16:54:53.436"/>
</kw>
<kw name="Wait Captcha" library="general">
<kw name="Pause Execution" library="Dialogs">
<arg>Enter captcha</arg>
<doc>Pauses execution until user clicks ``Ok`` button.</doc>
<status status="PASS" starttime="20230711 16:54:53.436" endtime="20230711 16:55:50.487"/>
</kw>
<status status="PASS" starttime="20230711 16:54:53.436" endtime="20230711 16:55:50.487"/>
</kw>
<kw name="Submit Credentials" library="general">
<kw name="Set Selenium Speed" library="SeleniumLibrary">
<arg>${DELAY}</arg>
<doc>Sets the delay that is waited after each Selenium command.</doc>
<status status="PASS" starttime="20230711 16:55:50.487" endtime="20230711 16:55:50.487"/>
</kw>
<kw name="Submit Form" library="SeleniumLibrary">
<arg>//form</arg>
<doc>Submits a form identified by ``locator``.</doc>
<msg timestamp="20230711 16:55:50.488" level="INFO">Submitting form '//form'.</msg>
<status status="PASS" starttime="20230711 16:55:50.487" endtime="20230711 16:55:53.524"/>
</kw>
<status status="PASS" starttime="20230711 16:55:50.487" endtime="20230711 16:55:53.524"/>
</kw>
<kw name="Login Page Should Be Open" library="general">
<kw name="Title Should Be" library="SeleniumLibrary">
<arg>Login | DXT360 App</arg>
<doc>Verifies that the current page title equals ``title``.</doc>
<msg timestamp="20230711 16:55:54.537" level="INFO">Page title is 'Login | DXT360 App'.</msg>
<status status="PASS" starttime="20230711 16:55:53.524" endtime="20230711 16:55:54.537"/>
</kw>
<status status="PASS" starttime="20230711 16:55:53.524" endtime="20230711 16:55:54.537"/>
</kw>
<kw name="Login Should Have Failed">
<kw name="Page Should Contain Element" library="SeleniumLibrary">
<arg>css:div[background-color="#fff9f9"]</arg>
<doc>Verifies that element ``locator`` is found on the current page.</doc>
<msg timestamp="20230711 16:55:57.731" level="INFO" html="true">&lt;/td&gt;&lt;/tr&gt;&lt;tr&gt;&lt;td colspan="3"&gt;&lt;a href="selenium-screenshot-38.png"&gt;&lt;img src="selenium-screenshot-38.png" width="800px"&gt;&lt;/a&gt;</msg>
<msg timestamp="20230711 16:55:57.732" level="FAIL">Page should have contained element 'css:div[background-color="#fff9f9"]' but did not.</msg>
<status status="FAIL" starttime="20230711 16:55:54.538" endtime="20230711 16:55:57.733"/>
</kw>
<status status="FAIL" starttime="20230711 16:55:54.537" endtime="20230711 16:55:57.733"/>
</kw>
<status status="FAIL" starttime="20230711 16:54:53.245" endtime="20230711 16:55:57.733"/>
</kw>
<status status="FAIL" starttime="20230711 16:54:53.127" endtime="20230711 16:55:57.733">Page should have contained element 'css:div[background-color="#fff9f9"]' but did not.</status>
</test>
<test id="s1-t2" name="Invalid Password" line="14">
<kw name="Go To Login Page" library="general" type="SETUP">
<kw name="Go To" library="SeleniumLibrary">
<arg>${LOGIN URL}</arg>
<doc>Navigates the current browser window to the provided ``url``.</doc>
<msg timestamp="20230711 16:55:57.734" level="INFO">Opening url 'https://login-dxt360.sonarplatform.com/login'</msg>
<status status="PASS" starttime="20230711 16:55:57.734" endtime="20230711 16:55:58.835"/>
</kw>
<kw name="Login Page Should Be Open" library="general">
<kw name="Title Should Be" library="SeleniumLibrary">
<arg>Login | DXT360 App</arg>
<doc>Verifies that the current page title equals ``title``.</doc>
<msg timestamp="20230711 16:55:59.843" level="INFO">Page title is 'Login | DXT360 App'.</msg>
<status status="PASS" starttime="20230711 16:55:58.835" endtime="20230711 16:55:59.843"/>
</kw>
<status status="PASS" starttime="20230711 16:55:58.835" endtime="20230711 16:55:59.843"/>
</kw>
<status status="PASS" starttime="20230711 16:55:57.734" endtime="20230711 16:55:59.843"/>
</kw>
<kw name="Login With Invalid Credentials Should Fail">
<arg>${VALID USER}</arg>
<arg>${INVALID PASSWORD}</arg>
<kw name="Input Username" library="general">
<arg>${username}</arg>
<kw name="Input Text" library="SeleniumLibrary">
<arg>css:input[placeholder="Please enter your email Address"]</arg>
<arg>${username}</arg>
<doc>Types the given ``text`` into the text field identified by ``locator``.</doc>
<msg timestamp="20230711 16:55:59.844" level="INFO">Typing text 'demo.analytics@dxt360.app' into text field 'css:input[placeholder="Please enter your email Address"]'.</msg>
<status status="PASS" starttime="20230711 16:55:59.844" endtime="20230711 16:56:02.967"/>
</kw>
<status status="PASS" starttime="20230711 16:55:59.844" endtime="20230711 16:56:02.967"/>
</kw>
<kw name="Input Password" library="general">
<arg>${password}</arg>
<kw name="Input Text" library="SeleniumLibrary">
<arg>css:input[placeholder="Please enter your password"]</arg>
<arg>${password}</arg>
<doc>Types the given ``text`` into the text field identified by ``locator``.</doc>
<msg timestamp="20230711 16:56:02.968" level="INFO">Typing text 'p3iN%u26' into text field 'css:input[placeholder="Please enter your password"]'.</msg>
<status status="PASS" starttime="20230711 16:56:02.968" endtime="20230711 16:56:06.050"/>
</kw>
<status status="PASS" starttime="20230711 16:56:02.967" endtime="20230711 16:56:06.050"/>
</kw>
<kw name="Wait Captcha" library="general">
<kw name="Pause Execution" library="Dialogs">
<arg>Enter captcha</arg>
<doc>Pauses execution until user clicks ``Ok`` button.</doc>
<status status="PASS" starttime="20230711 16:56:06.051" endtime="20230711 16:56:55.534"/>
</kw>
<status status="PASS" starttime="20230711 16:56:06.050" endtime="20230711 16:56:55.534"/>
</kw>
<kw name="Submit Credentials" library="general">
<kw name="Set Selenium Speed" library="SeleniumLibrary">
<arg>${DELAY}</arg>
<doc>Sets the delay that is waited after each Selenium command.</doc>
<status status="PASS" starttime="20230711 16:56:55.535" endtime="20230711 16:56:55.536"/>
</kw>
<kw name="Submit Form" library="SeleniumLibrary">
<arg>//form</arg>
<doc>Submits a form identified by ``locator``.</doc>
<msg timestamp="20230711 16:56:55.536" level="INFO">Submitting form '//form'.</msg>
<status status="PASS" starttime="20230711 16:56:55.536" endtime="20230711 16:56:58.575"/>
</kw>
<status status="PASS" starttime="20230711 16:56:55.535" endtime="20230711 16:56:58.575"/>
</kw>
<kw name="Login Page Should Be Open" library="general">
<kw name="Title Should Be" library="SeleniumLibrary">
<arg>Login | DXT360 App</arg>
<doc>Verifies that the current page title equals ``title``.</doc>
<msg timestamp="20230711 16:56:59.591" level="INFO">Page title is 'Login | DXT360 App'.</msg>
<status status="PASS" starttime="20230711 16:56:58.575" endtime="20230711 16:56:59.591"/>
</kw>
<status status="PASS" starttime="20230711 16:56:58.575" endtime="20230711 16:56:59.591"/>
</kw>
<kw name="Login Should Have Failed">
<kw name="Page Should Contain Element" library="SeleniumLibrary">
<arg>css:div[background-color="#fff9f9"]</arg>
<doc>Verifies that element ``locator`` is found on the current page.</doc>
<msg timestamp="20230711 16:57:02.787" level="INFO" html="true">&lt;/td&gt;&lt;/tr&gt;&lt;tr&gt;&lt;td colspan="3"&gt;&lt;a href="selenium-screenshot-39.png"&gt;&lt;img src="selenium-screenshot-39.png" width="800px"&gt;&lt;/a&gt;</msg>
<msg timestamp="20230711 16:57:02.787" level="FAIL">Page should have contained element 'css:div[background-color="#fff9f9"]' but did not.</msg>
<status status="FAIL" starttime="20230711 16:56:59.591" endtime="20230711 16:57:02.787"/>
</kw>
<status status="FAIL" starttime="20230711 16:56:59.591" endtime="20230711 16:57:02.787"/>
</kw>
<status status="FAIL" starttime="20230711 16:55:59.843" endtime="20230711 16:57:02.787"/>
</kw>
<status status="FAIL" starttime="20230711 16:55:57.734" endtime="20230711 16:57:02.788">Page should have contained element 'css:div[background-color="#fff9f9"]' but did not.</status>
</test>
<test id="s1-t3" name="Invalid Username And Password" line="15">
<kw name="Go To Login Page" library="general" type="SETUP">
<kw name="Go To" library="SeleniumLibrary">
<arg>${LOGIN URL}</arg>
<doc>Navigates the current browser window to the provided ``url``.</doc>
<msg timestamp="20230711 16:57:02.789" level="INFO">Opening url 'https://login-dxt360.sonarplatform.com/login'</msg>
<status status="PASS" starttime="20230711 16:57:02.789" endtime="20230711 16:57:03.861"/>
</kw>
<kw name="Login Page Should Be Open" library="general">
<kw name="Title Should Be" library="SeleniumLibrary">
<arg>Login | DXT360 App</arg>
<doc>Verifies that the current page title equals ``title``.</doc>
<msg timestamp="20230711 16:57:04.873" level="INFO">Page title is 'Login | DXT360 App'.</msg>
<status status="PASS" starttime="20230711 16:57:03.861" endtime="20230711 16:57:04.873"/>
</kw>
<status status="PASS" starttime="20230711 16:57:03.861" endtime="20230711 16:57:04.873"/>
</kw>
<status status="PASS" starttime="20230711 16:57:02.788" endtime="20230711 16:57:04.873"/>
</kw>
<kw name="Login With Invalid Credentials Should Fail">
<arg>${INVALID USER}</arg>
<arg>${INVALID PASSWORD}</arg>
<kw name="Input Username" library="general">
<arg>${username}</arg>
<kw name="Input Text" library="SeleniumLibrary">
<arg>css:input[placeholder="Please enter your email Address"]</arg>
<arg>${username}</arg>
<doc>Types the given ``text`` into the text field identified by ``locator``.</doc>
<msg timestamp="20230711 16:57:04.875" level="INFO">Typing text 'fail@dxt360.app' into text field 'css:input[placeholder="Please enter your email Address"]'.</msg>
<status status="PASS" starttime="20230711 16:57:04.874" endtime="20230711 16:57:07.974"/>
</kw>
<status status="PASS" starttime="20230711 16:57:04.874" endtime="20230711 16:57:07.974"/>
</kw>
<kw name="Input Password" library="general">
<arg>${password}</arg>
<kw name="Input Text" library="SeleniumLibrary">
<arg>css:input[placeholder="Please enter your password"]</arg>
<arg>${password}</arg>
<doc>Types the given ``text`` into the text field identified by ``locator``.</doc>
<msg timestamp="20230711 16:57:07.975" level="INFO">Typing text 'p3iN%u26' into text field 'css:input[placeholder="Please enter your password"]'.</msg>
<status status="PASS" starttime="20230711 16:57:07.974" endtime="20230711 16:57:11.054"/>
</kw>
<status status="PASS" starttime="20230711 16:57:07.974" endtime="20230711 16:57:11.054"/>
</kw>
<kw name="Wait Captcha" library="general">
<kw name="Pause Execution" library="Dialogs">
<arg>Enter captcha</arg>
<doc>Pauses execution until user clicks ``Ok`` button.</doc>
<status status="PASS" starttime="20230711 16:57:11.054" endtime="20230711 16:57:56.052"/>
</kw>
<status status="PASS" starttime="20230711 16:57:11.054" endtime="20230711 16:57:56.052"/>
</kw>
<kw name="Submit Credentials" library="general">
<kw name="Set Selenium Speed" library="SeleniumLibrary">
<arg>${DELAY}</arg>
<doc>Sets the delay that is waited after each Selenium command.</doc>
<status status="PASS" starttime="20230711 16:57:56.053" endtime="20230711 16:57:56.053"/>
</kw>
<kw name="Submit Form" library="SeleniumLibrary">
<arg>//form</arg>
<doc>Submits a form identified by ``locator``.</doc>
<msg timestamp="20230711 16:57:56.053" level="INFO">Submitting form '//form'.</msg>
<status status="PASS" starttime="20230711 16:57:56.053" endtime="20230711 16:57:59.098"/>
</kw>
<status status="PASS" starttime="20230711 16:57:56.053" endtime="20230711 16:57:59.098"/>
</kw>
<kw name="Login Page Should Be Open" library="general">
<kw name="Title Should Be" library="SeleniumLibrary">
<arg>Login | DXT360 App</arg>
<doc>Verifies that the current page title equals ``title``.</doc>
<msg timestamp="20230711 16:58:00.110" level="INFO">Page title is 'Login | DXT360 App'.</msg>
<status status="PASS" starttime="20230711 16:57:59.099" endtime="20230711 16:58:00.110"/>
</kw>
<status status="PASS" starttime="20230711 16:57:59.098" endtime="20230711 16:58:00.110"/>
</kw>
<kw name="Login Should Have Failed">
<kw name="Page Should Contain Element" library="SeleniumLibrary">
<arg>css:div[background-color="#fff9f9"]</arg>
<doc>Verifies that element ``locator`` is found on the current page.</doc>
<msg timestamp="20230711 16:58:03.308" level="INFO" html="true">&lt;/td&gt;&lt;/tr&gt;&lt;tr&gt;&lt;td colspan="3"&gt;&lt;a href="selenium-screenshot-40.png"&gt;&lt;img src="selenium-screenshot-40.png" width="800px"&gt;&lt;/a&gt;</msg>
<msg timestamp="20230711 16:58:03.308" level="FAIL">Page should have contained element 'css:div[background-color="#fff9f9"]' but did not.</msg>
<status status="FAIL" starttime="20230711 16:58:00.111" endtime="20230711 16:58:03.309"/>
</kw>
<status status="FAIL" starttime="20230711 16:58:00.110" endtime="20230711 16:58:03.309"/>
</kw>
<status status="FAIL" starttime="20230711 16:57:04.874" endtime="20230711 16:58:03.309"/>
</kw>
<status status="FAIL" starttime="20230711 16:57:02.788" endtime="20230711 16:58:03.310">Page should have contained element 'css:div[background-color="#fff9f9"]' but did not.</status>
</test>
<test id="s1-t4" name="Empty Username" line="16">
<kw name="Go To Login Page" library="general" type="SETUP">
<kw name="Go To" library="SeleniumLibrary">
<arg>${LOGIN URL}</arg>
<doc>Navigates the current browser window to the provided ``url``.</doc>
<msg timestamp="20230711 16:58:03.311" level="INFO">Opening url 'https://login-dxt360.sonarplatform.com/login'</msg>
<status status="PASS" starttime="20230711 16:58:03.311" endtime="20230711 16:58:04.397"/>
</kw>
<kw name="Login Page Should Be Open" library="general">
<kw name="Title Should Be" library="SeleniumLibrary">
<arg>Login | DXT360 App</arg>
<doc>Verifies that the current page title equals ``title``.</doc>
<msg timestamp="20230711 16:58:05.414" level="INFO">Page title is 'Login | DXT360 App'.</msg>
<status status="PASS" starttime="20230711 16:58:04.398" endtime="20230711 16:58:05.414"/>
</kw>
<status status="PASS" starttime="20230711 16:58:04.397" endtime="20230711 16:58:05.414"/>
</kw>
<status status="PASS" starttime="20230711 16:58:03.310" endtime="20230711 16:58:05.414"/>
</kw>
<kw name="Login With Invalid Credentials Should Fail">
<arg>${EMPTY}</arg>
<arg>${VALID PASSWORD}</arg>
<kw name="Input Username" library="general">
<arg>${username}</arg>
<kw name="Input Text" library="SeleniumLibrary">
<arg>css:input[placeholder="Please enter your email Address"]</arg>
<arg>${username}</arg>
<doc>Types the given ``text`` into the text field identified by ``locator``.</doc>
<msg timestamp="20230711 16:58:05.415" level="INFO">Typing text '' into text field 'css:input[placeholder="Please enter your email Address"]'.</msg>
<status status="PASS" starttime="20230711 16:58:05.414" endtime="20230711 16:58:08.480"/>
</kw>
<status status="PASS" starttime="20230711 16:58:05.414" endtime="20230711 16:58:08.480"/>
</kw>
<kw name="Input Password" library="general">
<arg>${password}</arg>
<kw name="Input Text" library="SeleniumLibrary">
<arg>css:input[placeholder="Please enter your password"]</arg>
<arg>${password}</arg>
<doc>Types the given ``text`` into the text field identified by ``locator``.</doc>
<msg timestamp="20230711 16:58:08.481" level="INFO">Typing text 'p3iN%u49' into text field 'css:input[placeholder="Please enter your password"]'.</msg>
<status status="PASS" starttime="20230711 16:58:08.480" endtime="20230711 16:58:11.566"/>
</kw>
<status status="PASS" starttime="20230711 16:58:08.480" endtime="20230711 16:58:11.566"/>
</kw>
<kw name="Wait Captcha" library="general">
<kw name="Pause Execution" library="Dialogs">
<arg>Enter captcha</arg>
<doc>Pauses execution until user clicks ``Ok`` button.</doc>
<status status="PASS" starttime="20230711 16:58:11.567" endtime="20230711 16:59:20.085"/>
</kw>
<status status="PASS" starttime="20230711 16:58:11.567" endtime="20230711 16:59:20.085"/>
</kw>
<kw name="Submit Credentials" library="general">
<kw name="Set Selenium Speed" library="SeleniumLibrary">
<arg>${DELAY}</arg>
<doc>Sets the delay that is waited after each Selenium command.</doc>
<status status="PASS" starttime="20230711 16:59:20.086" endtime="20230711 16:59:20.086"/>
</kw>
<kw name="Submit Form" library="SeleniumLibrary">
<arg>//form</arg>
<doc>Submits a form identified by ``locator``.</doc>
<msg timestamp="20230711 16:59:20.086" level="INFO">Submitting form '//form'.</msg>
<status status="PASS" starttime="20230711 16:59:20.086" endtime="20230711 16:59:23.131"/>
</kw>
<status status="PASS" starttime="20230711 16:59:20.085" endtime="20230711 16:59:23.131"/>
</kw>
<kw name="Login Page Should Be Open" library="general">
<kw name="Title Should Be" library="SeleniumLibrary">
<arg>Login | DXT360 App</arg>
<doc>Verifies that the current page title equals ``title``.</doc>
<msg timestamp="20230711 16:59:24.143" level="INFO">Page title is 'Login | DXT360 App'.</msg>
<status status="PASS" starttime="20230711 16:59:23.132" endtime="20230711 16:59:24.143"/>
</kw>
<status status="PASS" starttime="20230711 16:59:23.131" endtime="20230711 16:59:24.143"/>
</kw>
<kw name="Login Should Have Failed">
<kw name="Page Should Contain Element" library="SeleniumLibrary">
<arg>css:div[background-color="#fff9f9"]</arg>
<doc>Verifies that element ``locator`` is found on the current page.</doc>
<msg timestamp="20230711 16:59:27.332" level="INFO" html="true">&lt;/td&gt;&lt;/tr&gt;&lt;tr&gt;&lt;td colspan="3"&gt;&lt;a href="selenium-screenshot-41.png"&gt;&lt;img src="selenium-screenshot-41.png" width="800px"&gt;&lt;/a&gt;</msg>
<msg timestamp="20230711 16:59:27.332" level="FAIL">Page should have contained element 'css:div[background-color="#fff9f9"]' but did not.</msg>
<status status="FAIL" starttime="20230711 16:59:24.144" endtime="20230711 16:59:27.333"/>
</kw>
<status status="FAIL" starttime="20230711 16:59:24.143" endtime="20230711 16:59:27.333"/>
</kw>
<status status="FAIL" starttime="20230711 16:58:05.414" endtime="20230711 16:59:27.333"/>
</kw>
<status status="FAIL" starttime="20230711 16:58:03.310" endtime="20230711 16:59:27.333">Page should have contained element 'css:div[background-color="#fff9f9"]' but did not.</status>
</test>
<test id="s1-t5" name="Empty Password" line="17">
<kw name="Go To Login Page" library="general" type="SETUP">
<kw name="Go To" library="SeleniumLibrary">
<arg>${LOGIN URL}</arg>
<doc>Navigates the current browser window to the provided ``url``.</doc>
<msg timestamp="20230711 16:59:27.334" level="INFO">Opening url 'https://login-dxt360.sonarplatform.com/login'</msg>
<status status="PASS" starttime="20230711 16:59:27.334" endtime="20230711 16:59:28.530"/>
</kw>
<kw name="Login Page Should Be Open" library="general">
<kw name="Title Should Be" library="SeleniumLibrary">
<arg>Login | DXT360 App</arg>
<doc>Verifies that the current page title equals ``title``.</doc>
<msg timestamp="20230711 16:59:29.544" level="INFO">Page title is 'Login | DXT360 App'.</msg>
<status status="PASS" starttime="20230711 16:59:28.530" endtime="20230711 16:59:29.544"/>
</kw>
<status status="PASS" starttime="20230711 16:59:28.530" endtime="20230711 16:59:29.544"/>
</kw>
<status status="PASS" starttime="20230711 16:59:27.334" endtime="20230711 16:59:29.544"/>
</kw>
<kw name="Login With Invalid Credentials Should Fail">
<arg>${VALID USER}</arg>
<arg>${EMPTY}</arg>
<kw name="Input Username" library="general">
<arg>${username}</arg>
<kw name="Input Text" library="SeleniumLibrary">
<arg>css:input[placeholder="Please enter your email Address"]</arg>
<arg>${username}</arg>
<doc>Types the given ``text`` into the text field identified by ``locator``.</doc>
<msg timestamp="20230711 16:59:29.545" level="INFO">Typing text 'demo.analytics@dxt360.app' into text field 'css:input[placeholder="Please enter your email Address"]'.</msg>
<status status="PASS" starttime="20230711 16:59:29.545" endtime="20230711 16:59:32.682"/>
</kw>
<status status="PASS" starttime="20230711 16:59:29.545" endtime="20230711 16:59:32.682"/>
</kw>
<kw name="Input Password" library="general">
<arg>${password}</arg>
<kw name="Input Text" library="SeleniumLibrary">
<arg>css:input[placeholder="Please enter your password"]</arg>
<arg>${password}</arg>
<doc>Types the given ``text`` into the text field identified by ``locator``.</doc>
<msg timestamp="20230711 16:59:32.683" level="INFO">Typing text '' into text field 'css:input[placeholder="Please enter your password"]'.</msg>
<status status="PASS" starttime="20230711 16:59:32.682" endtime="20230711 16:59:35.746"/>
</kw>
<status status="PASS" starttime="20230711 16:59:32.682" endtime="20230711 16:59:35.746"/>
</kw>
<kw name="Wait Captcha" library="general">
<kw name="Pause Execution" library="Dialogs">
<arg>Enter captcha</arg>
<doc>Pauses execution until user clicks ``Ok`` button.</doc>
<status status="PASS" starttime="20230711 16:59:35.747" endtime="20230711 17:00:08.198"/>
</kw>
<status status="PASS" starttime="20230711 16:59:35.746" endtime="20230711 17:00:08.198"/>
</kw>
<kw name="Submit Credentials" library="general">
<kw name="Set Selenium Speed" library="SeleniumLibrary">
<arg>${DELAY}</arg>
<doc>Sets the delay that is waited after each Selenium command.</doc>
<status status="PASS" starttime="20230711 17:00:08.199" endtime="20230711 17:00:08.199"/>
</kw>
<kw name="Submit Form" library="SeleniumLibrary">
<arg>//form</arg>
<doc>Submits a form identified by ``locator``.</doc>
<msg timestamp="20230711 17:00:08.199" level="INFO">Submitting form '//form'.</msg>
<status status="PASS" starttime="20230711 17:00:08.199" endtime="20230711 17:00:11.244"/>
</kw>
<status status="PASS" starttime="20230711 17:00:08.198" endtime="20230711 17:00:11.244"/>
</kw>
<kw name="Login Page Should Be Open" library="general">
<kw name="Title Should Be" library="SeleniumLibrary">
<arg>Login | DXT360 App</arg>
<doc>Verifies that the current page title equals ``title``.</doc>
<msg timestamp="20230711 17:00:12.257" level="INFO">Page title is 'Login | DXT360 App'.</msg>
<status status="PASS" starttime="20230711 17:00:11.245" endtime="20230711 17:00:12.257"/>
</kw>
<status status="PASS" starttime="20230711 17:00:11.245" endtime="20230711 17:00:12.257"/>
</kw>
<kw name="Login Should Have Failed">
<kw name="Page Should Contain Element" library="SeleniumLibrary">
<arg>css:div[background-color="#fff9f9"]</arg>
<doc>Verifies that element ``locator`` is found on the current page.</doc>
<msg timestamp="20230711 17:00:15.464" level="INFO" html="true">&lt;/td&gt;&lt;/tr&gt;&lt;tr&gt;&lt;td colspan="3"&gt;&lt;a href="selenium-screenshot-42.png"&gt;&lt;img src="selenium-screenshot-42.png" width="800px"&gt;&lt;/a&gt;</msg>
<msg timestamp="20230711 17:00:15.464" level="FAIL">Page should have contained element 'css:div[background-color="#fff9f9"]' but did not.</msg>
<status status="FAIL" starttime="20230711 17:00:12.257" endtime="20230711 17:00:15.464"/>
</kw>
<status status="FAIL" starttime="20230711 17:00:12.257" endtime="20230711 17:00:15.464"/>
</kw>
<status status="FAIL" starttime="20230711 16:59:29.544" endtime="20230711 17:00:15.464"/>
</kw>
<status status="FAIL" starttime="20230711 16:59:27.333" endtime="20230711 17:00:15.465">Page should have contained element 'css:div[background-color="#fff9f9"]' but did not.</status>
</test>
<test id="s1-t6" name="Empty Username And Password" line="18">
<kw name="Go To Login Page" library="general" type="SETUP">
<kw name="Go To" library="SeleniumLibrary">
<arg>${LOGIN URL}</arg>
<doc>Navigates the current browser window to the provided ``url``.</doc>
<msg timestamp="20230711 17:00:15.466" level="INFO">Opening url 'https://login-dxt360.sonarplatform.com/login'</msg>
<status status="PASS" starttime="20230711 17:00:15.466" endtime="20230711 17:00:16.551"/>
</kw>
<kw name="Login Page Should Be Open" library="general">
<kw name="Title Should Be" library="SeleniumLibrary">
<arg>Login | DXT360 App</arg>
<doc>Verifies that the current page title equals ``title``.</doc>
<msg timestamp="20230711 17:00:17.562" level="INFO">Page title is 'Login | DXT360 App'.</msg>
<status status="PASS" starttime="20230711 17:00:16.551" endtime="20230711 17:00:17.562"/>
</kw>
<status status="PASS" starttime="20230711 17:00:16.551" endtime="20230711 17:00:17.562"/>
</kw>
<status status="PASS" starttime="20230711 17:00:15.466" endtime="20230711 17:00:17.562"/>
</kw>
<kw name="Login With Invalid Credentials Should Fail">
<arg>${EMPTY}</arg>
<arg>${EMPTY}</arg>
<kw name="Input Username" library="general">
<arg>${username}</arg>
<kw name="Input Text" library="SeleniumLibrary">
<arg>css:input[placeholder="Please enter your email Address"]</arg>
<arg>${username}</arg>
<doc>Types the given ``text`` into the text field identified by ``locator``.</doc>
<msg timestamp="20230711 17:00:17.564" level="INFO">Typing text '' into text field 'css:input[placeholder="Please enter your email Address"]'.</msg>
<status status="PASS" starttime="20230711 17:00:17.564" endtime="20230711 17:00:20.632"/>
</kw>
<status status="PASS" starttime="20230711 17:00:17.564" endtime="20230711 17:00:20.632"/>
</kw>
<kw name="Input Password" library="general">
<arg>${password}</arg>
<kw name="Input Text" library="SeleniumLibrary">
<arg>css:input[placeholder="Please enter your password"]</arg>
<arg>${password}</arg>
<doc>Types the given ``text`` into the text field identified by ``locator``.</doc>
<msg timestamp="20230711 17:00:20.633" level="INFO">Typing text '' into text field 'css:input[placeholder="Please enter your password"]'.</msg>
<status status="PASS" starttime="20230711 17:00:20.632" endtime="20230711 17:00:23.707"/>
</kw>
<status status="PASS" starttime="20230711 17:00:20.632" endtime="20230711 17:00:23.707"/>
</kw>
<kw name="Wait Captcha" library="general">
<kw name="Pause Execution" library="Dialogs">
<arg>Enter captcha</arg>
<doc>Pauses execution until user clicks ``Ok`` button.</doc>
<status status="PASS" starttime="20230711 17:00:23.707" endtime="20230711 17:01:14.506"/>
</kw>
<status status="PASS" starttime="20230711 17:00:23.707" endtime="20230711 17:01:14.506"/>
</kw>
<kw name="Submit Credentials" library="general">
<kw name="Set Selenium Speed" library="SeleniumLibrary">
<arg>${DELAY}</arg>
<doc>Sets the delay that is waited after each Selenium command.</doc>
<status status="PASS" starttime="20230711 17:01:14.507" endtime="20230711 17:01:14.507"/>
</kw>
<kw name="Submit Form" library="SeleniumLibrary">
<arg>//form</arg>
<doc>Submits a form identified by ``locator``.</doc>
<msg timestamp="20230711 17:01:14.507" level="INFO">Submitting form '//form'.</msg>
<status status="PASS" starttime="20230711 17:01:14.507" endtime="20230711 17:01:17.557"/>
</kw>
<status status="PASS" starttime="20230711 17:01:14.506" endtime="20230711 17:01:17.557"/>
</kw>
<kw name="Login Page Should Be Open" library="general">
<kw name="Title Should Be" library="SeleniumLibrary">
<arg>Login | DXT360 App</arg>
<doc>Verifies that the current page title equals ``title``.</doc>
<msg timestamp="20230711 17:01:18.569" level="INFO">Page title is 'Login | DXT360 App'.</msg>
<status status="PASS" starttime="20230711 17:01:17.558" endtime="20230711 17:01:18.569"/>
</kw>
<status status="PASS" starttime="20230711 17:01:17.557" endtime="20230711 17:01:18.569"/>
</kw>
<kw name="Login Should Have Failed">
<kw name="Page Should Contain Element" library="SeleniumLibrary">
<arg>css:div[background-color="#fff9f9"]</arg>
<doc>Verifies that element ``locator`` is found on the current page.</doc>
<msg timestamp="20230711 17:01:21.768" level="INFO" html="true">&lt;/td&gt;&lt;/tr&gt;&lt;tr&gt;&lt;td colspan="3"&gt;&lt;a href="selenium-screenshot-43.png"&gt;&lt;img src="selenium-screenshot-43.png" width="800px"&gt;&lt;/a&gt;</msg>
<msg timestamp="20230711 17:01:21.769" level="FAIL">Page should have contained element 'css:div[background-color="#fff9f9"]' but did not.</msg>
<status status="FAIL" starttime="20230711 17:01:18.569" endtime="20230711 17:01:21.769"/>
</kw>
<status status="FAIL" starttime="20230711 17:01:18.569" endtime="20230711 17:01:21.769"/>
</kw>
<status status="FAIL" starttime="20230711 17:00:17.563" endtime="20230711 17:01:21.769"/>
</kw>
<status status="FAIL" starttime="20230711 17:00:15.465" endtime="20230711 17:01:21.769">Page should have contained element 'css:div[background-color="#fff9f9"]' but did not.</status>
</test>
<kw name="Close Browser" library="SeleniumLibrary" type="TEARDOWN">
<doc>Closes the current browser.</doc>
<status status="PASS" starttime="20230711 17:01:21.770" endtime="20230711 17:01:24.819"/>
</kw>
<doc>A test suite with a single test for valid login.

This test has a workflow that is created using keywords in
the imported resource file.</doc>
<status status="FAIL" starttime="20230711 16:54:51.306" endtime="20230711 17:01:24.819"/>
</suite>
<statistics>
<total>
<stat pass="0" fail="6" skip="0">All Tests</stat>
</total>
<tag>
</tag>
<suite>
<stat pass="0" fail="6" skip="0" id="s1" name="Invalid Login">Invalid Login</stat>
</suite>
</statistics>
<errors>
</errors>
</robot>
